[0317/145208.927:ERROR:process_memory_win.cc(73)] ReadMemory at 0x7ff750c90000 of 64 bytes failed: Only part of a ReadProcessMemory or WriteProcessMemory request was completed. (0x12B)
[0317/145208.931:WARNING:pe_image_reader.cc(302)] could not read dos header from C:\Program Files (x86)\Google\Chrome\Application\chrome.exe
[0317/145208.931:ERROR:process_memory_win.cc(73)] ReadMemory at 0x7ffba7720000 of 64 bytes failed: Only part of a ReadProcessMemory or WriteProcessMemory request was completed. (0x12B)
[0317/145208.932:WARNING:pe_image_reader.cc(302)] could not read dos header from C:\Windows\SYSTEM32\ntdll.dll
[0317/145208.932:ERROR:process_memory_win.cc(73)] ReadMemory at 0x7ffba4e50000 of 64 bytes failed: Only part of a ReadProcessMemory or WriteProcessMemory request was completed. (0x12B)
[0317/145208.932:WARNING:pe_image_reader.cc(302)] could not read dos header from C:\Windows\System32\KERNEL32.DLL
[0317/145208.932:ERROR:process_memory_win.cc(73)] ReadMemory at 0x7ffba45b0000 of 64 bytes failed: Only part of a ReadProcessMemory or WriteProcessMemory request was completed. (0x12B)
[0317/145208.933:WARNING:pe_image_reader.cc(302)] could not read dos header from C:\Windows\System32\KERNELBASE.dll
[0317/145208.933:ERROR:process_memory_win.cc(73)] ReadMemory at 0x7ffb9e010000 of 64 bytes failed: Only part of a ReadProcessMemory or WriteProcessMemory request was completed. (0x12B)
[0317/145208.933:WARNING:pe_image_reader.cc(302)] could not read dos header from C:\Windows\SYSTEM32\apphelp.dll
[0317/145208.933:ERROR:process_memory_win.cc(73)] ReadMemory at 0x7ffba5960000 of 64 bytes failed: Only part of a ReadProcessMemory or WriteProcessMemory request was completed. (0x12B)
[0317/145208.933:WARNING:pe_image_reader.cc(302)] could not read dos header from C:\Windows\System32\SHELL32.dll
[0317/145208.933:ERROR:process_memory_win.cc(73)] ReadMemory at 0x7ffba75e0000 of 64 bytes failed: Only part of a ReadProcessMemory or WriteProcessMemory request was completed. (0x12B)
[0317/145208.933:WARNING:pe_image_reader.cc(302)] could not read dos header from C:\Windows\System32\msvcrt.dll
[0317/145208.933:ERROR:process_memory_win.cc(73)] ReadMemory at 0x7ffba3cc0000 of 64 bytes failed: Only part of a ReadProcessMemory or WriteProcessMemory request was completed. (0x12B)
[0317/145208.933:WARNING:pe_image_reader.cc(302)] could not read dos header from C:\Windows\System32\cfgmgr32.dll
[0317/145208.933:ERROR:process_memory_win.cc(73)] ReadMemory at 0x7ffba4850000 of 64 bytes failed: Only part of a ReadProcessMemory or WriteProcessMemory request was completed. (0x12B)
[0317/145208.933:WARNING:pe_image_reader.cc(302)] could not read dos header from C:\Windows\System32\ucrtbase.dll
[0317/145208.934:ERROR:process_memory_win.cc(73)] ReadMemory at 0x7ffba54e0000 of 64 bytes failed: Only part of a ReadProcessMemory or WriteProcessMemory request was completed. (0x12B)
[0317/145208.934:WARNING:pe_image_reader.cc(302)] could not read dos header from C:\Windows\System32\shcore.dll
[0317/145208.934:ERROR:process_memory_win.cc(73)] ReadMemory at 0x7ffba56d0000 of 64 bytes failed: Only part of a ReadProcessMemory or WriteProcessMemory request was completed. (0x12B)
[0317/145208.934:WARNING:pe_image_reader.cc(302)] could not read dos header from C:\Windows\System32\RPCRT4.dll
[0317/145208.934:ERROR:process_memory_win.cc(73)] ReadMemory at 0x1c7e6630000 of 64 bytes failed: Only part of a ReadProcessMemory or WriteProcessMemory request was completed. (0x12B)
[0317/145208.934:WARNING:pe_image_reader.cc(302)] could not read dos header from C:\Windows\System32\combase.dll
[0317/145208.934:ERROR:process_memory_win.cc(73)] ReadMemory at 0x7ffba3d10000 of 64 bytes failed: Only part of a ReadProcessMemory or WriteProcessMemory request was completed. (0x12B)
[0317/145208.934:WARNING:pe_image_reader.cc(302)] could not read dos header from C:\Windows\System32\bcryptPrimitives.dll
[0317/145208.934:ERROR:process_memory_win.cc(73)] ReadMemory at 0x7ffba3e40000 of 64 bytes failed: Only part of a ReadProcessMemory or WriteProcessMemory request was completed. (0x12B)
[0317/145208.934:WARNING:pe_image_reader.cc(302)] could not read dos header from C:\Windows\System32\windows.storage.dll
[0317/145208.935:ERROR:process_memory_win.cc(73)] ReadMemory at 0x7ffba39b0000 of 64 bytes failed: Only part of a ReadProcessMemory or WriteProcessMemory request was completed. (0x12B)
[0317/145208.935:WARNING:pe_image_reader.cc(302)] could not read dos header from C:\Windows\System32\msvcp_win.dll
[0317/145208.935:ERROR:process_memory_win.cc(73)] ReadMemory at 0x7ffba5240000 of 64 bytes failed: Only part of a ReadProcessMemory or WriteProcessMemory request was completed. (0x12B)
[0317/145208.935:WARNING:pe_image_reader.cc(302)] could not read dos header from C:\Windows\System32\sechost.dll
[0317/145208.935:ERROR:process_memory_win.cc(73)] ReadMemory at 0x7ffba7520000 of 64 bytes failed: Only part of a ReadProcessMemory or WriteProcessMemory request was completed. (0x12B)
[0317/145208.935:WARNING:pe_image_reader.cc(302)] could not read dos header from C:\Windows\System32\advapi32.dll
[0317/145208.935:ERROR:process_memory_win.cc(73)] ReadMemory at 0x7ffba3720000 of 64 bytes failed: Only part of a ReadProcessMemory or WriteProcessMemory request was completed. (0x12B)
[0317/145208.935:WARNING:pe_image_reader.cc(302)] could not read dos header from C:\Windows\System32\profapi.dll
[0317/145208.935:ERROR:process_memory_win.cc(73)] ReadMemory at 0x7ffba3770000 of 64 bytes failed: Only part of a ReadProcessMemory or WriteProcessMemory request was completed. (0x12B)
[0317/145208.936:WARNING:pe_image_reader.cc(302)] could not read dos header from C:\Windows\System32\powrprof.dll
[0317/145208.936:ERROR:process_memory_win.cc(73)] ReadMemory at 0x7ffba5670000 of 64 bytes failed: Only part of a ReadProcessMemory or WriteProcessMemory request was completed. (0x12B)
[0317/145208.936:WARNING:pe_image_reader.cc(302)] could not read dos header from C:\Windows\System32\shlwapi.dll
[0317/145208.936:ERROR:process_memory_win.cc(73)] ReadMemory at 0x7ffba4950000 of 64 bytes failed: Only part of a ReadProcessMemory or WriteProcessMemory request was completed. (0x12B)
[0317/145208.936:WARNING:pe_image_reader.cc(302)] could not read dos header from C:\Windows\System32\GDI32.dll
[0317/145208.936:ERROR:process_memory_win.cc(73)] ReadMemory at 0x7ffba37f0000 of 64 bytes failed: Only part of a ReadProcessMemory or WriteProcessMemory request was completed. (0x12B)
[0317/145208.936:WARNING:pe_image_reader.cc(302)] could not read dos header from C:\Windows\System32\gdi32full.dll
[0317/145208.936:ERROR:process_memory_win.cc(73)] ReadMemory at 0x7ffba52e0000 of 64 bytes failed: Only part of a ReadProcessMemory or WriteProcessMemory request was completed. (0x12B)
[0317/145208.936:WARNING:pe_image_reader.cc(302)] could not read dos header from C:\Windows\System32\USER32.dll
[0317/145208.936:ERROR:process_memory_win.cc(73)] ReadMemory at 0x7ffba4590000 of 64 bytes failed: Only part of a ReadProcessMemory or WriteProcessMemory request was completed. (0x12B)
[0317/145208.936:WARNING:pe_image_reader.cc(302)] could not read dos header from C:\Windows\System32\win32u.dll
[0317/145208.937:ERROR:process_memory_win.cc(73)] ReadMemory at 0x7ffba3750000 of 64 bytes failed: Only part of a ReadProcessMemory or WriteProcessMemory request was completed. (0x12B)
[0317/145208.937:WARNING:pe_image_reader.cc(302)] could not read dos header from C:\Windows\System32\kernel.appcore.dll
[0317/145208.937:ERROR:process_memory_win.cc(73)] ReadMemory at 0x7ffba3990000 of 64 bytes failed: Only part of a ReadProcessMemory or WriteProcessMemory request was completed. (0x12B)
[0317/145208.937:WARNING:pe_image_reader.cc(302)] could not read dos header from C:\Windows\System32\cryptsp.dll
[0317/145208.937:ERROR:process_memory_win.cc(73)] ReadMemory at 0x7ffba6f40000 of 64 bytes failed: Only part of a ReadProcessMemory or WriteProcessMemory request was completed. (0x12B)
[0317/145208.937:WARNING:pe_image_reader.cc(302)] could not read dos header from C:\Windows\System32\PSAPI.DLL
[0317/145208.937:ERROR:process_memory_win.cc(73)] ReadMemory at 0x7ffb49c00000 of 64 bytes failed: Only part of a ReadProcessMemory or WriteProcessMemory request was completed. (0x12B)
[0317/145208.937:WARNING:pe_image_reader.cc(302)] could not read dos header from C:\Program Files (x86)\Google\Chrome\Application\72.0.3626.121\chrome_elf.dll
[0317/145208.937:ERROR:process_memory_win.cc(73)] ReadMemory at 0x7ffb98240000 of 64 bytes failed: Only part of a ReadProcessMemory or WriteProcessMemory request was completed. (0x12B)
[0317/145208.938:WARNING:pe_image_reader.cc(302)] could not read dos header from C:\Windows\SYSTEM32\VERSION.dll
[0317/145208.938:ERROR:process_memory_win.cc(73)] ReadMemory at 0x7ffb93fe0000 of 64 bytes failed: Only part of a ReadProcessMemory or WriteProcessMemory request was completed. (0x12B)
[0317/145208.938:WARNING:pe_image_reader.cc(302)] could not read dos header from C:\Windows\SYSTEM32\WINMM.dll
[0317/145208.938:ERROR:process_memory_win.cc(73)] ReadMemory at 0x7ffba3650000 of 64 bytes failed: Only part of a ReadProcessMemory or WriteProcessMemory request was completed. (0x12B)
[0317/145208.938:WARNING:pe_image_reader.cc(302)] could not read dos header from C:\Windows\SYSTEM32\USERENV.dll
[0317/145208.938:ERROR:process_memory_win.cc(73)] ReadMemory at 0x7ffb93fb0000 of 64 bytes failed: Only part of a ReadProcessMemory or WriteProcessMemory request was completed. (0x12B)
[0317/145208.938:WARNING:pe_image_reader.cc(302)] could not read dos header from C:\Windows\SYSTEM32\WINMMBASE.dll
[0317/145208.938:ERROR:process_memory_win.cc(73)] ReadMemory at 0x7ffba3170000 of 64 bytes failed: Only part of a ReadProcessMemory or WriteProcessMemory request was completed. (0x12B)
[0317/145208.938:WARNING:pe_image_reader.cc(302)] could not read dos header from C:\Windows\SYSTEM32\CRYPTBASE.DLL
[0317/145208.938:ERROR:process_memory_win.cc(73)] ReadMemory at 0x7ffba6eb0000 of 64 bytes failed: Only part of a ReadProcessMemory or WriteProcessMemory request was completed. (0x12B)
[0317/145208.938:WARNING:pe_image_reader.cc(302)] could not read dos header from C:\Windows\System32\IMM32.DLL
[0317/145208.939:ERROR:process_memory_win.cc(73)] ReadMemory at 0x7ffb43ed0000 of 64 bytes failed: Only part of a ReadProcessMemory or WriteProcessMemory request was completed. (0x12B)
[0317/145208.939:WARNING:pe_image_reader.cc(302)] could not read dos header from C:\Program Files (x86)\Google\Chrome\Application\72.0.3626.121\chrome_child.dll
[0317/145208.939:ERROR:process_memory_win.cc(73)] ReadMemory at 0x7ffba7680000 of 64 bytes failed: Only part of a ReadProcessMemory or WriteProcessMemory request was completed. (0x12B)
[0317/145208.939:WARNING:pe_image_reader.cc(302)] could not read dos header from C:\Windows\System32\WS2_32.dll
[0317/145208.939:ERROR:process_memory_win.cc(73)] ReadMemory at 0x7ffba5800000 of 64 bytes failed: Only part of a ReadProcessMemory or WriteProcessMemory request was completed. (0x12B)
[0317/145208.939:WARNING:pe_image_reader.cc(302)] could not read dos header from C:\Windows\System32\ole32.dll
[0317/145208.939:ERROR:process_memory_win.cc(73)] ReadMemory at 0x7ffba55a0000 of 64 bytes failed: Only part of a ReadProcessMemory or WriteProcessMemory request was completed. (0x12B)
[0317/145208.939:WARNING:pe_image_reader.cc(302)] could not read dos header from C:\Windows\System32\OLEAUT32.dll
[0317/145208.940:ERROR:process_memory_win.cc(73)] ReadMemory at 0x7ffba3a80000 of 64 bytes failed: Only part of a ReadProcessMemory or WriteProcessMemory request was completed. (0x12B)
[0317/145208.940:WARNING:pe_image_reader.cc(302)] could not read dos header from C:\Windows\System32\WINTRUST.dll
[0317/145208.940:ERROR:process_memory_win.cc(73)] ReadMemory at 0x7ffba37d0000 of 64 bytes failed: Only part of a ReadProcessMemory or WriteProcessMemory request was completed. (0x12B)
[0317/145208.940:WARNING:pe_image_reader.cc(302)] could not read dos header from C:\Windows\System32\MSASN1.dll
[0317/145208.940:ERROR:process_memory_win.cc(73)] ReadMemory at 0x7ffba3ae0000 of 64 bytes failed: Only part of a ReadProcessMemory or WriteProcessMemory request was completed. (0x12B)
[0317/145208.940:WARNING:pe_image_reader.cc(302)] could not read dos header from C:\Windows\System32\CRYPT32.dll
[0317/145208.941:ERROR:process_memory_win.cc(73)] ReadMemory at 0x7ffba73f0000 of 64 bytes failed: Only part of a ReadProcessMemory or WriteProcessMemory request was completed. (0x12B)
[0317/145208.941:WARNING:pe_image_reader.cc(302)] could not read dos header from C:\Windows\System32\COMDLG32.dll
[0317/145208.941:ERROR:process_memory_win.cc(73)] ReadMemory at 0x7ffba2d00000 of 64 bytes failed: Only part of a ReadProcessMemory or WriteProcessMemory request was completed. (0x12B)
[0317/145208.941:WARNING:pe_image_reader.cc(302)] could not read dos header from C:\Windows\SYSTEM32\IPHLPAPI.DLL
[0317/145208.941:ERROR:process_memory_win.cc(73)] ReadMemory at 0x7ffb838a0000 of 64 bytes failed: Only part of a ReadProcessMemory or WriteProcessMemory request was completed. (0x12B)
[0317/145208.941:WARNING:pe_image_reader.cc(302)] could not read dos header from C:\Windows\SYSTEM32\OLEACC.dll
[0317/145208.941:ERROR:process_memory_win.cc(73)] ReadMemory at 0x7ffb89920000 of 64 bytes failed: Only part of a ReadProcessMemory or WriteProcessMemory request was completed. (0x12B)
[0317/145208.941:WARNING:pe_image_reader.cc(302)] could not read dos header from C:\Windows\SYSTEM32\DWrite.dll
[0317/145208.941:ERROR:process_memory_win.cc(73)] ReadMemory at 0x7ffb9f430000 of 64 bytes failed: Only part of a ReadProcessMemory or WriteProcessMemory request was completed. (0x12B)
[0317/145208.942:WARNING:pe_image_reader.cc(302)] could not read dos header from C:\Windows\SYSTEM32\dxgi.dll
[0317/145208.942:ERROR:process_memory_win.cc(73)] ReadMemory at 0x7ffb83660000 of 64 bytes failed: Only part of a ReadProcessMemory or WriteProcessMemory request was completed. (0x12B)
[0317/145208.942:WARNING:pe_image_reader.cc(302)] could not read dos header from C:\Windows\SYSTEM32\WINSPOOL.DRV
[0317/145208.942:ERROR:process_memory_win.cc(73)] ReadMemory at 0x7ffba3a50000 of 64 bytes failed: Only part of a ReadProcessMemory or WriteProcessMemory request was completed. (0x12B)
[0317/145208.942:WARNING:pe_image_reader.cc(302)] could not read dos header from C:\Windows\System32\bcrypt.dll
[0317/145208.942:ERROR:process_memory_win.cc(73)] ReadMemory at 0x7ffb9ef50000 of 64 bytes failed: Only part of a ReadProcessMemory or WriteProcessMemory request was completed. (0x12B)
[0317/145208.942:WARNING:pe_image_reader.cc(302)] could not read dos header from C:\Windows\SYSTEM32\dbghelp.dll
[0317/145208.942:ERROR:process_memory_win.cc(73)] ReadMemory at 0x7ffb78d30000 of 64 bytes failed: Only part of a ReadProcessMemory or WriteProcessMemory request was completed. (0x12B)
[0317/145208.942:WARNING:pe_image_reader.cc(302)] could not read dos header from C:\Windows\SYSTEM32\USP10.dll
[0317/145208.943:ERROR:process_memory_win.cc(73)] ReadMemory at 0x7ffb985d0000 of 64 bytes failed: Only part of a ReadProcessMemory or WriteProcessMemory request was completed. (0x12B)
[0317/145208.944:WARNING:pe_image_reader.cc(302)] could not read dos header from C:\Windows\WinSxS\amd64_microsoft.windows.common-controls_6595b64144ccf1df_6.0.17763.379_none_05b83be8071c94a1\COMCTL32.dll
[0317/145208.944:ERROR:process_memory_win.cc(73)] ReadMemory at 0x7ffb9e100000 of 64 bytes failed: Only part of a ReadProcessMemory or WriteProcessMemory request was completed. (0x12B)
[0317/145208.944:WARNING:pe_image_reader.cc(302)] could not read dos header from C:\Windows\SYSTEM32\WINHTTP.dll
[0317/145208.944:ERROR:process_memory_win.cc(73)] ReadMemory at 0x7ffb8aea0000 of 64 bytes failed: Only part of a ReadProcessMemory or WriteProcessMemory request was completed. (0x12B)
[0317/145208.945:WARNING:pe_image_reader.cc(302)] could not read dos header from C:\Windows\SYSTEM32\urlmon.dll
[0317/145208.945:ERROR:process_memory_win.cc(73)] ReadMemory at 0x7ffb89180000 of 64 bytes failed: Only part of a ReadProcessMemory or WriteProcessMemory request was completed. (0x12B)
[0317/145208.945:WARNING:pe_image_reader.cc(302)] could not read dos header from C:\Windows\SYSTEM32\Secur32.dll
[0317/145208.945:ERROR:process_memory_win.cc(73)] ReadMemory at 0x7ffb98da0000 of 64 bytes failed: Only part of a ReadProcessMemory or WriteProcessMemory request was completed. (0x12B)
[0317/145208.945:WARNING:pe_image_reader.cc(302)] could not read dos header from C:\Windows\SYSTEM32\dhcpcsvc.DLL
[0317/145208.945:ERROR:process_memory_win.cc(73)] ReadMemory at 0x7ffba75d0000 of 64 bytes failed: Only part of a ReadProcessMemory or WriteProcessMemory request was completed. (0x12B)
[0317/145208.945:WARNING:pe_image_reader.cc(302)] could not read dos header from C:\Windows\System32\NSI.dll
[0317/145208.946:ERROR:process_memory_win.cc(73)] ReadMemory at 0x7ffb9c930000 of 64 bytes failed: Only part of a ReadProcessMemory or WriteProcessMemory request was completed. (0x12B)
[0317/145208.946:WARNING:pe_image_reader.cc(302)] could not read dos header from C:\Windows\SYSTEM32\PROPSYS.dll
[0317/145208.946:ERROR:process_memory_win.cc(73)] ReadMemory at 0x7ffb8fde0000 of 64 bytes failed: Only part of a ReadProcessMemory or WriteProcessMemory request was completed. (0x12B)
[0317/145208.946:WARNING:pe_image_reader.cc(302)] could not read dos header from C:\Windows\SYSTEM32\iertutil.dll
[0317/145208.946:ERROR:process_memory_win.cc(73)] ReadMemory at 0x7ffba3620000 of 64 bytes failed: Only part of a ReadProcessMemory or WriteProcessMemory request was completed. (0x12B)
[0317/145208.946:WARNING:pe_image_reader.cc(302)] could not read dos header from C:\Windows\SYSTEM32\SSPICLI.DLL
[0317/145208.958:ERROR:process_memory_win.cc(73)] ReadMemory at 0x7ff750c90000 of 64 bytes failed: Only part of a ReadProcessMemory or WriteProcessMemory request was completed. (0x12B)
[0317/145208.958:WARNING:pe_image_reader.cc(302)] could not read dos header from C:\Program Files (x86)\Google\Chrome\Application\chrome.exe
[0317/145208.958:ERROR:process_memory_win.cc(73)] ReadMemory at 0x7ffba7720000 of 64 bytes failed: Only part of a ReadProcessMemory or WriteProcessMemory request was completed. (0x12B)
[0317/145208.958:WARNING:pe_image_reader.cc(302)] could not read dos header from C:\Windows\SYSTEM32\ntdll.dll
[0317/145208.958:ERROR:process_memory_win.cc(73)] ReadMemory at 0x7ffba4e50000 of 64 bytes failed: Only part of a ReadProcessMemory or WriteProcessMemory request was completed. (0x12B)
[0317/145208.959:WARNING:pe_image_reader.cc(302)] could not read dos header from C:\Windows\System32\KERNEL32.DLL
[0317/145208.959:ERROR:process_memory_win.cc(73)] ReadMemory at 0x7ffba45b0000 of 64 bytes failed: Only part of a ReadProcessMemory or WriteProcessMemory request was completed. (0x12B)
[0317/145208.959:WARNING:pe_image_reader.cc(302)] could not read dos header from C:\Windows\System32\KERNELBASE.dll
[0317/145208.959:ERROR:process_memory_win.cc(73)] ReadMemory at 0x7ffb9e010000 of 64 bytes failed: Only part of a ReadProcessMemory or WriteProcessMemory request was completed. (0x12B)
[0317/145208.959:WARNING:pe_image_reader.cc(302)] could not read dos header from C:\Windows\SYSTEM32\apphelp.dll
[0317/145208.959:ERROR:process_memory_win.cc(73)] ReadMemory at 0x7ffba5960000 of 64 bytes failed: Only part of a ReadProcessMemory or WriteProcessMemory request was completed. (0x12B)
[0317/145208.959:WARNING:pe_image_reader.cc(302)] could not read dos header from C:\Windows\System32\SHELL32.dll
[0317/145208.959:ERROR:process_memory_win.cc(73)] ReadMemory at 0x7ffba75e0000 of 64 bytes failed: Only part of a ReadProcessMemory or WriteProcessMemory request was completed. (0x12B)
[0317/145208.959:WARNING:pe_image_reader.cc(302)] could not read dos header from C:\Windows\System32\msvcrt.dll
[0317/145208.959:ERROR:process_memory_win.cc(73)] ReadMemory at 0x7ffba3cc0000 of 64 bytes failed: Only part of a ReadProcessMemory or WriteProcessMemory request was completed. (0x12B)
[0317/145208.959:WARNING:pe_image_reader.cc(302)] could not read dos header from C:\Windows\System32\cfgmgr32.dll
[0317/145208.960:ERROR:process_memory_win.cc(73)] ReadMemory at 0x7ffba4850000 of 64 bytes failed: Only part of a ReadProcessMemory or WriteProcessMemory request was completed. (0x12B)
[0317/145208.960:WARNING:pe_image_reader.cc(302)] could not read dos header from C:\Windows\System32\ucrtbase.dll
[0317/145208.961:ERROR:process_memory_win.cc(73)] ReadMemory at 0x7ffba54e0000 of 64 bytes failed: Only part of a ReadProcessMemory or WriteProcessMemory request was completed. (0x12B)
[0317/145208.961:WARNING:pe_image_reader.cc(302)] could not read dos header from C:\Windows\System32\shcore.dll
[0317/145208.961:ERROR:process_memory_win.cc(73)] ReadMemory at 0x7ffba56d0000 of 64 bytes failed: Only part of a ReadProcessMemory or WriteProcessMemory request was completed. (0x12B)
[0317/145208.961:WARNING:pe_image_reader.cc(302)] could not read dos header from C:\Windows\System32\RPCRT4.dll
[0317/145208.961:ERROR:process_memory_win.cc(73)] ReadMemory at 0x1c7e6630000 of 64 bytes failed: Only part of a ReadProcessMemory or WriteProcessMemory request was completed. (0x12B)
[0317/145208.961:WARNING:pe_image_reader.cc(302)] could not read dos header from C:\Windows\System32\combase.dll
[0317/145208.961:ERROR:process_memory_win.cc(73)] ReadMemory at 0x7ffba3d10000 of 64 bytes failed: Only part of a ReadProcessMemory or WriteProcessMemory request was completed. (0x12B)
[0317/145208.961:WARNING:pe_image_reader.cc(302)] could not read dos header from C:\Windows\System32\bcryptPrimitives.dll
[0317/145208.962:ERROR:process_memory_win.cc(73)] ReadMemory at 0x7ffba3e40000 of 64 bytes failed: Only part of a ReadProcessMemory or WriteProcessMemory request was completed. (0x12B)
[0317/145208.962:WARNING:pe_image_reader.cc(302)] could not read dos header from C:\Windows\System32\windows.storage.dll
[0317/145208.962:ERROR:process_memory_win.cc(73)] ReadMemory at 0x7ffba39b0000 of 64 bytes failed: Only part of a ReadProcessMemory or WriteProcessMemory request was completed. (0x12B)
[0317/145208.962:WARNING:pe_image_reader.cc(302)] could not read dos header from C:\Windows\System32\msvcp_win.dll
[0317/145208.962:ERROR:process_memory_win.cc(73)] ReadMemory at 0x7ffba5240000 of 64 bytes failed: Only part of a ReadProcessMemory or WriteProcessMemory request was completed. (0x12B)
[0317/145208.962:WARNING:pe_image_reader.cc(302)] could not read dos header from C:\Windows\System32\sechost.dll
[0317/145208.962:ERROR:process_memory_win.cc(73)] ReadMemory at 0x7ffba7520000 of 64 bytes failed: Only part of a ReadProcessMemory or WriteProcessMemory request was completed. (0x12B)
[0317/145208.962:WARNING:pe_image_reader.cc(302)] could not read dos header from C:\Windows\System32\advapi32.dll
[0317/145208.962:ERROR:process_memory_win.cc(73)] ReadMemory at 0x7ffba3720000 of 64 bytes failed: Only part of a ReadProcessMemory or WriteProcessMemory request was completed. (0x12B)
[0317/145208.963:WARNING:pe_image_reader.cc(302)] could not read dos header from C:\Windows\System32\profapi.dll
[0317/145208.963:ERROR:process_memory_win.cc(73)] ReadMemory at 0x7ffba3770000 of 64 bytes failed: Only part of a ReadProcessMemory or WriteProcessMemory request was completed. (0x12B)
[0317/145208.963:WARNING:pe_image_reader.cc(302)] could not read dos header from C:\Windows\System32\powrprof.dll
[0317/145208.963:ERROR:process_memory_win.cc(73)] ReadMemory at 0x7ffba5670000 of 64 bytes failed: Only part of a ReadProcessMemory or WriteProcessMemory request was completed. (0x12B)
[0317/145208.963:WARNING:pe_image_reader.cc(302)] could not read dos header from C:\Windows\System32\shlwapi.dll
[0317/145208.963:ERROR:process_memory_win.cc(73)] ReadMemory at 0x7ffba4950000 of 64 bytes failed: Only part of a ReadProcessMemory or WriteProcessMemory request was completed. (0x12B)
[0317/145208.963:WARNING:pe_image_reader.cc(302)] could not read dos header from C:\Windows\System32\GDI32.dll
[0317/145208.963:ERROR:process_memory_win.cc(73)] ReadMemory at 0x7ffba37f0000 of 64 bytes failed: Only part of a ReadProcessMemory or WriteProcessMemory request was completed. (0x12B)
[0317/145208.963:WARNING:pe_image_reader.cc(302)] could not read dos header from C:\Windows\System32\gdi32full.dll
[0317/145208.963:ERROR:process_memory_win.cc(73)] ReadMemory at 0x7ffba52e0000 of 64 bytes failed: Only part of a ReadProcessMemory or WriteProcessMemory request was completed. (0x12B)
[0317/145208.964:WARNING:pe_image_reader.cc(302)] could not read dos header from C:\Windows\System32\USER32.dll
[0317/145208.964:ERROR:process_memory_win.cc(73)] ReadMemory at 0x7ffba4590000 of 64 bytes failed: Only part of a ReadProcessMemory or WriteProcessMemory request was completed. (0x12B)
[0317/145208.964:WARNING:pe_image_reader.cc(302)] could not read dos header from C:\Windows\System32\win32u.dll
[0317/145208.964:ERROR:process_memory_win.cc(73)] ReadMemory at 0x7ffba3750000 of 64 bytes failed: Only part of a ReadProcessMemory or WriteProcessMemory request was completed. (0x12B)
[0317/145208.965:WARNING:pe_image_reader.cc(302)] could not read dos header from C:\Windows\System32\kernel.appcore.dll
[0317/145208.965:ERROR:process_memory_win.cc(73)] ReadMemory at 0x7ffba3990000 of 64 bytes failed: Only part of a ReadProcessMemory or WriteProcessMemory request was completed. (0x12B)
[0317/145208.965:WARNING:pe_image_reader.cc(302)] could not read dos header from C:\Windows\System32\cryptsp.dll
[0317/145208.965:ERROR:process_memory_win.cc(73)] ReadMemory at 0x7ffba6f40000 of 64 bytes failed: Only part of a ReadProcessMemory or WriteProcessMemory request was completed. (0x12B)
[0317/145208.965:WARNING:pe_image_reader.cc(302)] could not read dos header from C:\Windows\System32\PSAPI.DLL
[0317/145208.965:ERROR:process_memory_win.cc(73)] ReadMemory at 0x7ffb49c00000 of 64 bytes failed: Only part of a ReadProcessMemory or WriteProcessMemory request was completed. (0x12B)
[0317/145208.965:WARNING:pe_image_reader.cc(302)] could not read dos header from C:\Program Files (x86)\Google\Chrome\Application\72.0.3626.121\chrome_elf.dll
[0317/145208.965:ERROR:process_memory_win.cc(73)] ReadMemory at 0x7ffb98240000 of 64 bytes failed: Only part of a ReadProcessMemory or WriteProcessMemory request was completed. (0x12B)
[0317/145208.965:WARNING:pe_image_reader.cc(302)] could not read dos header from C:\Windows\SYSTEM32\VERSION.dll
[0317/145208.965:ERROR:process_memory_win.cc(73)] ReadMemory at 0x7ffb93fe0000 of 64 bytes failed: Only part of a ReadProcessMemory or WriteProcessMemory request was completed. (0x12B)
[0317/145208.965:WARNING:pe_image_reader.cc(302)] could not read dos header from C:\Windows\SYSTEM32\WINMM.dll
[0317/145208.966:ERROR:process_memory_win.cc(73)] ReadMemory at 0x7ffba3650000 of 64 bytes failed: Only part of a ReadProcessMemory or WriteProcessMemory request was completed. (0x12B)
[0317/145208.966:WARNING:pe_image_reader.cc(302)] could not read dos header from C:\Windows\SYSTEM32\USERENV.dll
[0317/145208.966:ERROR:process_memory_win.cc(73)] ReadMemory at 0x7ffb93fb0000 of 64 bytes failed: Only part of a ReadProcessMemory or WriteProcessMemory request was completed. (0x12B)
[0317/145208.966:WARNING:pe_image_reader.cc(302)] could not read dos header from C:\Windows\SYSTEM32\WINMMBASE.dll
[0317/145208.966:ERROR:process_memory_win.cc(73)] ReadMemory at 0x7ffba3170000 of 64 bytes failed: Only part of a ReadProcessMemory or WriteProcessMemory request was completed. (0x12B)
[0317/145208.966:WARNING:pe_image_reader.cc(302)] could not read dos header from C:\Windows\SYSTEM32\CRYPTBASE.DLL
[0317/145208.966:ERROR:process_memory_win.cc(73)] ReadMemory at 0x7ffba6eb0000 of 64 bytes failed: Only part of a ReadProcessMemory or WriteProcessMemory request was completed. (0x12B)
[0317/145208.966:WARNING:pe_image_reader.cc(302)] could not read dos header from C:\Windows\System32\IMM32.DLL
[0317/145208.966:ERROR:process_memory_win.cc(73)] ReadMemory at 0x7ffb43ed0000 of 64 bytes failed: Only part of a ReadProcessMemory or WriteProcessMemory request was completed. (0x12B)
[0317/145208.966:WARNING:pe_image_reader.cc(302)] could not read dos header from C:\Program Files (x86)\Google\Chrome\Application\72.0.3626.121\chrome_child.dll
[0317/145208.966:ERROR:process_memory_win.cc(73)] ReadMemory at 0x7ffba7680000 of 64 bytes failed: Only part of a ReadProcessMemory or WriteProcessMemory request was completed. (0x12B)
[0317/145208.967:WARNING:pe_image_reader.cc(302)] could not read dos header from C:\Windows\System32\WS2_32.dll
[0317/145208.967:ERROR:process_memory_win.cc(73)] ReadMemory at 0x7ffba5800000 of 64 bytes failed: Only part of a ReadProcessMemory or WriteProcessMemory request was completed. (0x12B)
[0317/145208.967:WARNING:pe_image_reader.cc(302)] could not read dos header from C:\Windows\System32\ole32.dll
[0317/145208.967:ERROR:process_memory_win.cc(73)] ReadMemory at 0x7ffba55a0000 of 64 bytes failed: Only part of a ReadProcessMemory or WriteProcessMemory request was completed. (0x12B)
[0317/145208.967:WARNING:pe_image_reader.cc(302)] could not read dos header from C:\Windows\System32\OLEAUT32.dll
[0317/145208.967:ERROR:process_memory_win.cc(73)] ReadMemory at 0x7ffba3a80000 of 64 bytes failed: Only part of a ReadProcessMemory or WriteProcessMemory request was completed. (0x12B)
[0317/145208.967:WARNING:pe_image_reader.cc(302)] could not read dos header from C:\Windows\System32\WINTRUST.dll
[0317/145208.967:ERROR:process_memory_win.cc(73)] ReadMemory at 0x7ffba37d0000 of 64 bytes failed: Only part of a ReadProcessMemory or WriteProcessMemory request was completed. (0x12B)
[0317/145208.967:WARNING:pe_image_reader.cc(302)] could not read dos header from C:\Windows\System32\MSASN1.dll
[0317/145208.967:ERROR:process_memory_win.cc(73)] ReadMemory at 0x7ffba3ae0000 of 64 bytes failed: Only part of a ReadProcessMemory or WriteProcessMemory request was completed. (0x12B)
[0317/145208.967:WARNING:pe_image_reader.cc(302)] could not read dos header from C:\Windows\System32\CRYPT32.dll
[0317/145208.968:ERROR:process_memory_win.cc(73)] ReadMemory at 0x7ffba73f0000 of 64 bytes failed: Only part of a ReadProcessMemory or WriteProcessMemory request was completed. (0x12B)
[0317/145208.968:WARNING:pe_image_reader.cc(302)] could not read dos header from C:\Windows\System32\COMDLG32.dll
[0317/145208.968:ERROR:process_memory_win.cc(73)] ReadMemory at 0x7ffba2d00000 of 64 bytes failed: Only part of a ReadProcessMemory or WriteProcessMemory request was completed. (0x12B)
[0317/145208.968:WARNING:pe_image_reader.cc(302)] could not read dos header from C:\Windows\SYSTEM32\IPHLPAPI.DLL
[0317/145208.968:ERROR:process_memory_win.cc(73)] ReadMemory at 0x7ffb838a0000 of 64 bytes failed: Only part of a ReadProcessMemory or WriteProcessMemory request was completed. (0x12B)
[0317/145208.968:WARNING:pe_image_reader.cc(302)] could not read dos header from C:\Windows\SYSTEM32\OLEACC.dll
[0317/145208.968:ERROR:process_memory_win.cc(73)] ReadMemory at 0x7ffb89920000 of 64 bytes failed: Only part of a ReadProcessMemory or WriteProcessMemory request was completed. (0x12B)
[0317/145208.968:WARNING:pe_image_reader.cc(302)] could not read dos header from C:\Windows\SYSTEM32\DWrite.dll
[0317/145208.968:ERROR:process_memory_win.cc(73)] ReadMemory at 0x7ffb9f430000 of 64 bytes failed: Only part of a ReadProcessMemory or WriteProcessMemory request was completed. (0x12B)
[0317/145208.968:WARNING:pe_image_reader.cc(302)] could not read dos header from C:\Windows\SYSTEM32\dxgi.dll
[0317/145208.968:ERROR:process_memory_win.cc(73)] ReadMemory at 0x7ffb83660000 of 64 bytes failed: Only part of a ReadProcessMemory or WriteProcessMemory request was completed. (0x12B)
[0317/145208.968:WARNING:pe_image_reader.cc(302)] could not read dos header from C:\Windows\SYSTEM32\WINSPOOL.DRV
[0317/145208.969:ERROR:process_memory_win.cc(73)] ReadMemory at 0x7ffba3a50000 of 64 bytes failed: Only part of a ReadProcessMemory or WriteProcessMemory request was completed. (0x12B)
[0317/145208.969:WARNING:pe_image_reader.cc(302)] could not read dos header from C:\Windows\System32\bcrypt.dll
[0317/145208.969:ERROR:process_memory_win.cc(73)] ReadMemory at 0x7ffb9ef50000 of 64 bytes failed: Only part of a ReadProcessMemory or WriteProcessMemory request was completed. (0x12B)
[0317/145208.969:WARNING:pe_image_reader.cc(302)] could not read dos header from C:\Windows\SYSTEM32\dbghelp.dll
[0317/145208.969:ERROR:process_memory_win.cc(73)] ReadMemory at 0x7ffb78d30000 of 64 bytes failed: Only part of a ReadProcessMemory or WriteProcessMemory request was completed. (0x12B)
[0317/145208.969:WARNING:pe_image_reader.cc(302)] could not read dos header from C:\Windows\SYSTEM32\USP10.dll
[0317/145208.969:ERROR:process_memory_win.cc(73)] ReadMemory at 0x7ffb985d0000 of 64 bytes failed: Only part of a ReadProcessMemory or WriteProcessMemory request was completed. (0x12B)
[0317/145208.969:WARNING:pe_image_reader.cc(302)] could not read dos header from C:\Windows\WinSxS\amd64_microsoft.windows.common-controls_6595b64144ccf1df_6.0.17763.379_none_05b83be8071c94a1\COMCTL32.dll
[0317/145208.969:ERROR:process_memory_win.cc(73)] ReadMemory at 0x7ffb9e100000 of 64 bytes failed: Only part of a ReadProcessMemory or WriteProcessMemory request was completed. (0x12B)
[0317/145208.969:WARNING:pe_image_reader.cc(302)] could not read dos header from C:\Windows\SYSTEM32\WINHTTP.dll
[0317/145208.969:ERROR:process_memory_win.cc(73)] ReadMemory at 0x7ffb8aea0000 of 64 bytes failed: Only part of a ReadProcessMemory or WriteProcessMemory request was completed. (0x12B)
[0317/145208.970:WARNING:pe_image_reader.cc(302)] could not read dos header from C:\Windows\SYSTEM32\urlmon.dll
[0317/145208.970:ERROR:process_memory_win.cc(73)] ReadMemory at 0x7ffb89180000 of 64 bytes failed: Only part of a ReadProcessMemory or WriteProcessMemory request was completed. (0x12B)
[0317/145208.970:WARNING:pe_image_reader.cc(302)] could not read dos header from C:\Windows\SYSTEM32\Secur32.dll
[0317/145208.970:ERROR:process_memory_win.cc(73)] ReadMemory at 0x7ffb98da0000 of 64 bytes failed: Only part of a ReadProcessMemory or WriteProcessMemory request was completed. (0x12B)
[0317/145208.970:WARNING:pe_image_reader.cc(302)] could not read dos header from C:\Windows\SYSTEM32\dhcpcsvc.DLL
[0317/145208.970:ERROR:process_memory_win.cc(73)] ReadMemory at 0x7ffba75d0000 of 64 bytes failed: Only part of a ReadProcessMemory or WriteProcessMemory request was completed. (0x12B)
[0317/145208.970:WARNING:pe_image_reader.cc(302)] could not read dos header from C:\Windows\System32\NSI.dll
[0317/145208.970:ERROR:process_memory_win.cc(73)] ReadMemory at 0x7ffb9c930000 of 64 bytes failed: Only part of a ReadProcessMemory or WriteProcessMemory request was completed. (0x12B)
[0317/145208.970:WARNING:pe_image_reader.cc(302)] could not read dos header from C:\Windows\SYSTEM32\PROPSYS.dll
[0317/145208.970:ERROR:process_memory_win.cc(73)] ReadMemory at 0x7ffb8fde0000 of 64 bytes failed: Only part of a ReadProcessMemory or WriteProcessMemory request was completed. (0x12B)
[0317/145208.970:WARNING:pe_image_reader.cc(302)] could not read dos header from C:\Windows\SYSTEM32\iertutil.dll
[0317/145208.970:ERROR:process_memory_win.cc(73)] ReadMemory at 0x7ffba3620000 of 64 bytes failed: Only part of a ReadProcessMemory or WriteProcessMemory request was completed. (0x12B)
[0317/145208.971:WARNING:pe_image_reader.cc(302)] could not read dos header from C:\Windows\SYSTEM32\SSPICLI.DLL
[0317/145209.025:ERROR:process_memory_win.cc(73)] ReadMemory at 0x23fdf0000 of 65536 bytes failed: Only part of a ReadProcessMemory or WriteProcessMemory request was completed. (0x12B)
[0317/145209.026:ERROR:process_memory_win.cc(73)] ReadMemory at 0x23fffe000 of 8192 bytes failed: Only part of a ReadProcessMemory or WriteProcessMemory request was completed. (0x12B)
[0317/145209.026:ERROR:process_memory_win.cc(73)] ReadMemory at 0x2401fd000 of 12288 bytes failed: Only part of a ReadProcessMemory or WriteProcessMemory request was completed. (0x12B)
[0317/145209.026:ERROR:process_memory_win.cc(73)] ReadMemory at 0x2403fd000 of 12288 bytes failed: Only part of a ReadProcessMemory or WriteProcessMemory request was completed. (0x12B)
[0317/145209.026:ERROR:process_memory_win.cc(73)] ReadMemory at 0x2405fe000 of 8192 bytes failed: Only part of a ReadProcessMemory or WriteProcessMemory request was completed. (0x12B)
[0317/145209.026:ERROR:process_memory_win.cc(73)] ReadMemory at 0x2407fd000 of 12288 bytes failed: Only part of a ReadProcessMemory or WriteProcessMemory request was completed. (0x12B)
[0317/145209.027:ERROR:process_memory_win.cc(73)] ReadMemory at 0x2409fd000 of 12288 bytes failed: Only part of a ReadProcessMemory or WriteProcessMemory request was completed. (0x12B)
[0317/145209.027:ERROR:process_memory_win.cc(73)] ReadMemory at 0x240bfe000 of 8192 bytes failed: Only part of a ReadProcessMemory or WriteProcessMemory request was completed. (0x12B)
[0317/145209.027:ERROR:process_memory_win.cc(73)] ReadMemory at 0x240dfe000 of 8192 bytes failed: Only part of a ReadProcessMemory or WriteProcessMemory request was completed. (0x12B)
[0317/145209.027:ERROR:process_memory_win.cc(73)] ReadMemory at 0x240ffc000 of 16384 bytes failed: Only part of a ReadProcessMemory or WriteProcessMemory request was completed. (0x12B)
[0317/145209.027:ERROR:process_memory_win.cc(73)] ReadMemory at 0x2411eb000 of 86016 bytes failed: Only part of a ReadProcessMemory or WriteProcessMemory request was completed. (0x12B)
[0317/145209.028:ERROR:process_memory_win.cc(73)] ReadMemory at 0x2413e8000 of 98304 bytes failed: Only part of a ReadProcessMemory or WriteProcessMemory request was completed. (0x12B)
[0317/145209.029:ERROR:process_memory_win.cc(73)] ReadMemory at 0x2415e9000 of 94208 bytes failed: Only part of a ReadProcessMemory or WriteProcessMemory request was completed. (0x12B)
[0317/145209.029:ERROR:process_memory_win.cc(73)] ReadMemory at 0x2417e8000 of 98304 bytes failed: Only part of a ReadProcessMemory or WriteProcessMemory request was completed. (0x12B)
[0317/145209.030:ERROR:process_memory_win.cc(73)] ReadMemory at 0x2419fd000 of 12288 bytes failed: Only part of a ReadProcessMemory or WriteProcessMemory request was completed. (0x12B)
[0317/145209.030:ERROR:process_memory_win.cc(73)] ReadMemory at 0x241bfd000 of 12288 bytes failed: Only part of a ReadProcessMemory or WriteProcessMemory request was completed. (0x12B)
[0317/145209.030:ERROR:process_memory_win.cc(73)] ReadMemory at 0x241df8000 of 32768 bytes failed: Only part of a ReadProcessMemory or WriteProcessMemory request was completed. (0x12B)
[0317/145209.030:ERROR:process_memory_win.cc(73)] ReadMemory at 0x241ffd000 of 12288 bytes failed: Only part of a ReadProcessMemory or WriteProcessMemory request was completed. (0x12B)
[0317/145209.031:ERROR:process_memory_win.cc(73)] ReadMemory at 0x2421fc000 of 16384 bytes failed: Only part of a ReadProcessMemory or WriteProcessMemory request was completed. (0x12B)
[0317/145209.031:ERROR:process_memory_win.cc(73)] ReadMemory at 0x2423fd000 of 12288 bytes failed: Only part of a ReadProcessMemory or WriteProcessMemory request was completed. (0x12B)
[0317/145209.031:ERROR:process_memory_win.cc(73)] ReadMemory at 0x2425fd000 of 12288 bytes failed: Only part of a ReadProcessMemory or WriteProcessMemory request was completed. (0x12B)
[0317/145209.031:ERROR:process_memory_win.cc(73)] ReadMemory at 0x2427fd000 of 12288 bytes failed: Only part of a ReadProcessMemory or WriteProcessMemory request was completed. (0x12B)
[0317/145209.032:ERROR:process_memory_win.cc(73)] ReadMemory at 0x2429f6000 of 40960 bytes failed: Only part of a ReadProcessMemory or WriteProcessMemory request was completed. (0x12B)
[0317/145209.032:ERROR:process_memory_win.cc(73)] ReadMemory at 0x23fb34000 of 852 bytes failed: Only part of a ReadProcessMemory or WriteProcessMemory request was completed. (0x12B)
[0317/145209.032:ERROR:process_memory_win.cc(73)] ReadMemory at 0x23fb35000 of 6024 bytes failed: Only part of a ReadProcessMemory or WriteProcessMemory request was completed. (0x12B)
[0317/145209.032:ERROR:process_memory_win.cc(73)] ReadMemory at 0x23fb37000 of 6024 bytes failed: Only part of a ReadProcessMemory or WriteProcessMemory request was completed. (0x12B)
[0317/145209.032:ERROR:process_memory_win.cc(73)] ReadMemory at 0x23fb39000 of 6024 bytes failed: Only part of a ReadProcessMemory or WriteProcessMemory request was completed. (0x12B)
[0317/145209.033:ERROR:process_memory_win.cc(73)] ReadMemory at 0x23fb3b000 of 6024 bytes failed: Only part of a ReadProcessMemory or WriteProcessMemory request was completed. (0x12B)
[0317/145209.033:ERROR:process_memory_win.cc(73)] ReadMemory at 0x23fb3d000 of 6024 bytes failed: Only part of a ReadProcessMemory or WriteProcessMemory request was completed. (0x12B)
[0317/145209.033:ERROR:process_memory_win.cc(73)] ReadMemory at 0x23fb3f000 of 6024 bytes failed: Only part of a ReadProcessMemory or WriteProcessMemory request was completed. (0x12B)
[0317/145209.033:ERROR:process_memory_win.cc(73)] ReadMemory at 0x23fb41000 of 6024 bytes failed: Only part of a ReadProcessMemory or WriteProcessMemory request was completed. (0x12B)
[0317/145209.033:ERROR:process_memory_win.cc(73)] ReadMemory at 0x23fb43000 of 6024 bytes failed: Only part of a ReadProcessMemory or WriteProcessMemory request was completed. (0x12B)
[0317/145209.034:ERROR:process_memory_win.cc(73)] ReadMemory at 0x23fb45000 of 6024 bytes failed: Only part of a ReadProcessMemory or WriteProcessMemory request was completed. (0x12B)
[0317/145209.034:ERROR:process_memory_win.cc(73)] ReadMemory at 0x23fb47000 of 6024 bytes failed: Only part of a ReadProcessMemory or WriteProcessMemory request was completed. (0x12B)
[0317/145209.034:ERROR:process_memory_win.cc(73)] ReadMemory at 0x23fb49000 of 6024 bytes failed: Only part of a ReadProcessMemory or WriteProcessMemory request was completed. (0x12B)
[0317/145209.034:ERROR:process_memory_win.cc(73)] ReadMemory at 0x23fb4b000 of 6024 bytes failed: Only part of a ReadProcessMemory or WriteProcessMemory request was completed. (0x12B)
[0317/145209.035:ERROR:process_memory_win.cc(73)] ReadMemory at 0x23fb4d000 of 6024 bytes failed: Only part of a ReadProcessMemory or WriteProcessMemory request was completed. (0x12B)
[0317/145209.035:ERROR:process_memory_win.cc(73)] ReadMemory at 0x23fb4f000 of 6024 bytes failed: Only part of a ReadProcessMemory or WriteProcessMemory request was completed. (0x12B)
[0317/145209.035:ERROR:process_memory_win.cc(73)] ReadMemory at 0x23fb51000 of 6024 bytes failed: Only part of a ReadProcessMemory or WriteProcessMemory request was completed. (0x12B)
[0317/145209.035:ERROR:process_memory_win.cc(73)] ReadMemory at 0x23fb53000 of 6024 bytes failed: Only part of a ReadProcessMemory or WriteProcessMemory request was completed. (0x12B)
[0317/145209.035:ERROR:process_memory_win.cc(73)] ReadMemory at 0x23fb55000 of 6024 bytes failed: Only part of a ReadProcessMemory or WriteProcessMemory request was completed. (0x12B)
[0317/145209.036:ERROR:process_memory_win.cc(73)] ReadMemory at 0x23fb57000 of 6024 bytes failed: Only part of a ReadProcessMemory or WriteProcessMemory request was completed. (0x12B)
[0317/145209.036:ERROR:process_memory_win.cc(73)] ReadMemory at 0x23fb59000 of 6024 bytes failed: Only part of a ReadProcessMemory or WriteProcessMemory request was completed. (0x12B)
[0317/145209.036:ERROR:process_memory_win.cc(73)] ReadMemory at 0x23fb5b000 of 6024 bytes failed: Only part of a ReadProcessMemory or WriteProcessMemory request was completed. (0x12B)
[0317/145209.036:ERROR:process_memory_win.cc(73)] ReadMemory at 0x23fb5d000 of 6024 bytes failed: Only part of a ReadProcessMemory or WriteProcessMemory request was completed. (0x12B)
[0317/145209.037:ERROR:process_memory_win.cc(73)] ReadMemory at 0x23fb5f000 of 6024 bytes failed: Only part of a ReadProcessMemory or WriteProcessMemory request was completed. (0x12B)
[0317/145209.037:ERROR:process_memory_win.cc(73)] ReadMemory at 0x23fb61000 of 6024 bytes failed: Only part of a ReadProcessMemory or WriteProcessMemory request was completed. (0x12B)
[0317/145209.037:ERROR:process_memory_win.cc(73)] ReadMemory at 0x1c7e6460750 of 62 bytes failed: Only part of a ReadProcessMemory or WriteProcessMemory request was completed. (0x12B)
[0317/145209.037:ERROR:process_memory_win.cc(73)] ReadMemory at 0x1c7e6460fe0 of 6936 bytes failed: Only part of a ReadProcessMemory or WriteProcessMemory request was completed. (0x12B)
[0317/145209.037:ERROR:process_memory_win.cc(73)] ReadMemory at 0x1c7e6462b00 of 1012 bytes failed: Only part of a ReadProcessMemory or WriteProcessMemory request was completed. (0x12B)
[0317/145209.037:ERROR:process_memory_win.cc(73)] ReadMemory at 0x1c7e6463128 of 118 bytes failed: Only part of a ReadProcessMemory or WriteProcessMemory request was completed. (0x12B)
[0317/145209.038:ERROR:process_memory_win.cc(73)] ReadMemory at 0x1c7e64631a0 of 1496 bytes failed: Only part of a ReadProcessMemory or WriteProcessMemory request was completed. (0x12B)
[0317/145209.038:ERROR:process_memory_win.cc(73)] ReadMemory at 0x1c7e646377a of 118 bytes failed: Only part of a ReadProcessMemory or WriteProcessMemory request was completed. (0x12B)
[0317/145209.038:ERROR:process_memory_win.cc(73)] ReadMemory at 0x1c7e64637f2 of 98 bytes failed: Only part of a ReadProcessMemory or WriteProcessMemory request was completed. (0x12B)
[0317/145209.038:ERROR:process_memory_win.cc(73)] ReadMemory at 0x1c7e6463860 of 58 bytes failed: Only part of a ReadProcessMemory or WriteProcessMemory request was completed. (0x12B)
[0317/145209.038:ERROR:process_memory_win.cc(73)] ReadMemory at 0x1c7e6463960 of 132 bytes failed: Only part of a ReadProcessMemory or WriteProcessMemory request was completed. (0x12B)
[0317/145209.038:ERROR:process_memory_win.cc(73)] ReadMemory at 0x1c7e6463af0 of 132 bytes failed: Only part of a ReadProcessMemory or WriteProcessMemory request was completed. (0x12B)
[0317/145209.038:ERROR:process_memory_win.cc(73)] ReadMemory at 0x1c7e6463cb0 of 126 bytes failed: Only part of a ReadProcessMemory or WriteProcessMemory request was completed. (0x12B)
[0317/145209.039:ERROR:process_memory_win.cc(73)] ReadMemory at 0x1c7e6464090 of 132 bytes failed: Only part of a ReadProcessMemory or WriteProcessMemory request was completed. (0x12B)
[0317/145209.039:ERROR:process_memory_win.cc(73)] ReadMemory at 0x1c7e6464220 of 64 bytes failed: Only part of a ReadProcessMemory or WriteProcessMemory request was completed. (0x12B)
[0317/145209.039:ERROR:process_memory_win.cc(73)] ReadMemory at 0x1c7e6464380 of 132 bytes failed: Only part of a ReadProcessMemory or WriteProcessMemory request was completed. (0x12B)
[0317/145209.039:ERROR:process_memory_win.cc(73)] ReadMemory at 0x1c7e6464510 of 62 bytes failed: Only part of a ReadProcessMemory or WriteProcessMemory request was completed. (0x12B)
[0317/145209.039:ERROR:process_memory_win.cc(73)] ReadMemory at 0x1c7e6464680 of 132 bytes failed: Only part of a ReadProcessMemory or WriteProcessMemory request was completed. (0x12B)
[0317/145209.039:ERROR:process_memory_win.cc(73)] ReadMemory at 0x1c7e6464810 of 68 bytes failed: Only part of a ReadProcessMemory or WriteProcessMemory request was completed. (0x12B)
[0317/145209.039:ERROR:process_memory_win.cc(73)] ReadMemory at 0x1c7e6468ab0 of 132 bytes failed: Only part of a ReadProcessMemory or WriteProcessMemory request was completed. (0x12B)
[0317/145209.039:ERROR:process_memory_win.cc(73)] ReadMemory at 0x1c7e6468cf0 of 132 bytes failed: Only part of a ReadProcessMemory or WriteProcessMemory request was completed. (0x12B)
[0317/145209.039:ERROR:process_memory_win.cc(73)] ReadMemory at 0x1c7e6468e80 of 62 bytes failed: Only part of a ReadProcessMemory or WriteProcessMemory request was completed. (0x12B)
[0317/145209.040:ERROR:process_memory_win.cc(73)] ReadMemory at 0x1c7e646a620 of 132 bytes failed: Only part of a ReadProcessMemory or WriteProcessMemory request was completed. (0x12B)
[0317/145209.040:ERROR:process_memory_win.cc(73)] ReadMemory at 0x1c7e646a7b0 of 60 bytes failed: Only part of a ReadProcessMemory or WriteProcessMemory request was completed. (0x12B)
[0317/145209.040:ERROR:process_memory_win.cc(73)] ReadMemory at 0x1c7e646a800 of 158 bytes failed: Only part of a ReadProcessMemory or WriteProcessMemory request was completed. (0x12B)
[0317/145209.040:ERROR:process_memory_win.cc(73)] ReadMemory at 0x1c7e646aa00 of 132 bytes failed: Only part of a ReadProcessMemory or WriteProcessMemory request was completed. (0x12B)
[0317/145209.040:ERROR:process_memory_win.cc(73)] ReadMemory at 0x1c7e646ab90 of 64 bytes failed: Only part of a ReadProcessMemory or WriteProcessMemory request was completed. (0x12B)
[0317/145209.040:ERROR:process_memory_win.cc(73)] ReadMemory at 0x1c7e646ae10 of 132 bytes failed: Only part of a ReadProcessMemory or WriteProcessMemory request was completed. (0x12B)
[0317/145209.040:ERROR:process_memory_win.cc(73)] ReadMemory at 0x1c7e646afa0 of 64 bytes failed: Only part of a ReadProcessMemory or WriteProcessMemory request was completed. (0x12B)
[0317/145209.040:ERROR:process_memory_win.cc(73)] ReadMemory at 0x1c7e646b200 of 132 bytes failed: Only part of a ReadProcessMemory or WriteProcessMemory request was completed. (0x12B)
[0317/145209.041:ERROR:process_memory_win.cc(73)] ReadMemory at 0x1c7e646b390 of 60 bytes failed: Only part of a ReadProcessMemory or WriteProcessMemory request was completed. (0x12B)
[0317/145209.041:ERROR:process_memory_win.cc(73)] ReadMemory at 0x1c7e646b6a0 of 132 bytes failed: Only part of a ReadProcessMemory or WriteProcessMemory request was completed. (0x12B)
[0317/145209.041:ERROR:process_memory_win.cc(73)] ReadMemory at 0x1c7e646b830 of 60 bytes failed: Only part of a ReadProcessMemory or WriteProcessMemory request was completed. (0x12B)
[0317/145209.041:ERROR:process_memory_win.cc(73)] ReadMemory at 0x1c7e646ba70 of 132 bytes failed: Only part of a ReadProcessMemory or WriteProcessMemory request was completed. (0x12B)
[0317/145209.041:ERROR:process_memory_win.cc(73)] ReadMemory at 0x1c7e646e360 of 132 bytes failed: Only part of a ReadProcessMemory or WriteProcessMemory request was completed. (0x12B)
[0317/145209.041:ERROR:process_memory_win.cc(73)] ReadMemory at 0x1c7e646e660 of 78 bytes failed: Only part of a ReadProcessMemory or WriteProcessMemory request was completed. (0x12B)
[0317/145209.041:ERROR:process_memory_win.cc(73)] ReadMemory at 0x1c7e646e720 of 80 bytes failed: Only part of a ReadProcessMemory or WriteProcessMemory request was completed. (0x12B)
[0317/145209.041:ERROR:process_memory_win.cc(73)] ReadMemory at 0x1c7e646eae0 of 76 bytes failed: Only part of a ReadProcessMemory or WriteProcessMemory request was completed. (0x12B)
[0317/145209.042:ERROR:process_memory_win.cc(73)] ReadMemory at 0x1c7e646f290 of 132 bytes failed: Only part of a ReadProcessMemory or WriteProcessMemory request was completed. (0x12B)
[0317/145209.042:ERROR:process_memory_win.cc(73)] ReadMemory at 0x1c7e646fbd0 of 132 bytes failed: Only part of a ReadProcessMemory or WriteProcessMemory request was completed. (0x12B)
[0317/145209.042:ERROR:process_memory_win.cc(73)] ReadMemory at 0x1c7e646fd00 of 66 bytes failed: Only part of a ReadProcessMemory or WriteProcessMemory request was completed. (0x12B)
[0317/145209.042:ERROR:process_memory_win.cc(73)] ReadMemory at 0x1c7e646ff40 of 132 bytes failed: Only part of a ReadProcessMemory or WriteProcessMemory request was completed. (0x12B)
[0317/145209.042:ERROR:process_memory_win.cc(73)] ReadMemory at 0x1c7e64700c0 of 58 bytes failed: Only part of a ReadProcessMemory or WriteProcessMemory request was completed. (0x12B)
[0317/145209.042:ERROR:process_memory_win.cc(73)] ReadMemory at 0x1c7e6470110 of 66 bytes failed: Only part of a ReadProcessMemory or WriteProcessMemory request was completed. (0x12B)
[0317/145209.042:ERROR:process_memory_win.cc(73)] ReadMemory at 0x1c7e6470160 of 60 bytes failed: Only part of a ReadProcessMemory or WriteProcessMemory request was completed. (0x12B)
[0317/145209.042:ERROR:process_memory_win.cc(73)] ReadMemory at 0x1c7e6470200 of 64 bytes failed: Only part of a ReadProcessMemory or WriteProcessMemory request was completed. (0x12B)
[0317/145209.043:ERROR:process_memory_win.cc(73)] ReadMemory at 0x1c7e64702f0 of 62 bytes failed: Only part of a ReadProcessMemory or WriteProcessMemory request was completed. (0x12B)
[0317/145209.043:ERROR:process_memory_win.cc(73)] ReadMemory at 0x1c7e6470390 of 62 bytes failed: Only part of a ReadProcessMemory or WriteProcessMemory request was completed. (0x12B)
[0317/145209.043:ERROR:process_memory_win.cc(73)] ReadMemory at 0x1c7e6470480 of 62 bytes failed: Only part of a ReadProcessMemory or WriteProcessMemory request was completed. (0x12B)
[0317/145209.043:ERROR:process_memory_win.cc(73)] ReadMemory at 0x1c7e6470570 of 62 bytes failed: Only part of a ReadProcessMemory or WriteProcessMemory request was completed. (0x12B)
[0317/145209.043:ERROR:process_memory_win.cc(73)] ReadMemory at 0x1c7e64705c0 of 58 bytes failed: Only part of a ReadProcessMemory or WriteProcessMemory request was completed. (0x12B)
[0317/145209.043:ERROR:process_memory_win.cc(73)] ReadMemory at 0x1c7e6470610 of 60 bytes failed: Only part of a ReadProcessMemory or WriteProcessMemory request was completed. (0x12B)
[0317/145209.043:ERROR:process_memory_win.cc(73)] ReadMemory at 0x1c7e6470660 of 58 bytes failed: Only part of a ReadProcessMemory or WriteProcessMemory request was completed. (0x12B)
[0317/145209.044:ERROR:process_memory_win.cc(73)] ReadMemory at 0x1c7e64706b0 of 64 bytes failed: Only part of a ReadProcessMemory or WriteProcessMemory request was completed. (0x12B)
[0317/145209.044:ERROR:process_memory_win.cc(73)] ReadMemory at 0x1c7e6470700 of 62 bytes failed: Only part of a ReadProcessMemory or WriteProcessMemory request was completed. (0x12B)
[0317/145209.044:ERROR:process_memory_win.cc(73)] ReadMemory at 0x1c7e64707f0 of 62 bytes failed: Only part of a ReadProcessMemory or WriteProcessMemory request was completed. (0x12B)
[0317/145209.044:ERROR:process_memory_win.cc(73)] ReadMemory at 0x1c7e64719e0 of 132 bytes failed: Only part of a ReadProcessMemory or WriteProcessMemory request was completed. (0x12B)
[0317/145209.044:ERROR:process_memory_win.cc(73)] ReadMemory at 0x1c7e6471b10 of 132 bytes failed: Only part of a ReadProcessMemory or WriteProcessMemory request was completed. (0x12B)
[0317/145209.044:ERROR:process_memory_win.cc(73)] ReadMemory at 0x1c7e6471c40 of 132 bytes failed: Only part of a ReadProcessMemory or WriteProcessMemory request was completed. (0x12B)
[0317/145209.044:ERROR:process_memory_win.cc(73)] ReadMemory at 0x1c7e6471d70 of 132 bytes failed: Only part of a ReadProcessMemory or WriteProcessMemory request was completed. (0x12B)
[0317/145209.044:ERROR:process_memory_win.cc(73)] ReadMemory at 0x1c7e6471ea0 of 132 bytes failed: Only part of a ReadProcessMemory or WriteProcessMemory request was completed. (0x12B)
[0317/145209.045:ERROR:process_memory_win.cc(73)] ReadMemory at 0x1c7e6471fd0 of 132 bytes failed: Only part of a ReadProcessMemory or WriteProcessMemory request was completed. (0x12B)
[0317/145209.046:ERROR:process_memory_win.cc(73)] ReadMemory at 0x1c7e6472100 of 132 bytes failed: Only part of a ReadProcessMemory or WriteProcessMemory request was completed. (0x12B)
[0317/145209.046:ERROR:process_memory_win.cc(73)] ReadMemory at 0x1c7e6472230 of 132 bytes failed: Only part of a ReadProcessMemory or WriteProcessMemory request was completed. (0x12B)
[0317/145209.046:ERROR:process_memory_win.cc(73)] ReadMemory at 0x1c7e6472360 of 132 bytes failed: Only part of a ReadProcessMemory or WriteProcessMemory request was completed. (0x12B)
[0317/145209.046:ERROR:process_memory_win.cc(73)] ReadMemory at 0x1c7e6472490 of 132 bytes failed: Only part of a ReadProcessMemory or WriteProcessMemory request was completed. (0x12B)
[0317/145209.046:ERROR:process_memory_win.cc(73)] ReadMemory at 0x1c7e64725c0 of 132 bytes failed: Only part of a ReadProcessMemory or WriteProcessMemory request was completed. (0x12B)
[0317/145209.047:ERROR:process_memory_win.cc(73)] ReadMemory at 0x1c7e64726f0 of 132 bytes failed: Only part of a ReadProcessMemory or WriteProcessMemory request was completed. (0x12B)
[0317/145209.047:ERROR:process_memory_win.cc(73)] ReadMemory at 0x1c7e6472820 of 132 bytes failed: Only part of a ReadProcessMemory or WriteProcessMemory request was completed. (0x12B)
[0317/145209.047:ERROR:process_memory_win.cc(73)] ReadMemory at 0x1c7e647364c of 512 bytes failed: Only part of a ReadProcessMemory or WriteProcessMemory request was completed. (0x12B)
[0317/145209.047:ERROR:process_memory_win.cc(73)] ReadMemory at 0x1c7e64742b0 of 132 bytes failed: Only part of a ReadProcessMemory or WriteProcessMemory request was completed. (0x12B)
[0317/145209.047:ERROR:process_memory_win.cc(73)] ReadMemory at 0x1c7e64743e0 of 132 bytes failed: Only part of a ReadProcessMemory or WriteProcessMemory request was completed. (0x12B)
[0317/145209.048:ERROR:process_memory_win.cc(73)] ReadMemory at 0x1c7e6474510 of 132 bytes failed: Only part of a ReadProcessMemory or WriteProcessMemory request was completed. (0x12B)
[0317/145209.048:ERROR:process_memory_win.cc(73)] ReadMemory at 0x1c7e6474770 of 132 bytes failed: Only part of a ReadProcessMemory or WriteProcessMemory request was completed. (0x12B)
[0317/145209.048:ERROR:process_memory_win.cc(73)] ReadMemory at 0x1c7e64748a0 of 132 bytes failed: Only part of a ReadProcessMemory or WriteProcessMemory request was completed. (0x12B)
[0317/145209.048:ERROR:process_memory_win.cc(73)] ReadMemory at 0x1c7e64749d0 of 132 bytes failed: Only part of a ReadProcessMemory or WriteProcessMemory request was completed. (0x12B)
[0317/145209.048:ERROR:process_memory_win.cc(73)] ReadMemory at 0x1c7e6474b00 of 132 bytes failed: Only part of a ReadProcessMemory or WriteProcessMemory request was completed. (0x12B)
[0317/145209.048:ERROR:process_memory_win.cc(73)] ReadMemory at 0x1c7e6474c30 of 132 bytes failed: Only part of a ReadProcessMemory or WriteProcessMemory request was completed. (0x12B)
[0317/145209.049:ERROR:process_memory_win.cc(73)] ReadMemory at 0x1c7e6474d60 of 132 bytes failed: Only part of a ReadProcessMemory or WriteProcessMemory request was completed. (0x12B)
[0317/145209.049:ERROR:process_memory_win.cc(73)] ReadMemory at 0x1c7e6474e90 of 132 bytes failed: Only part of a ReadProcessMemory or WriteProcessMemory request was completed. (0x12B)
[0317/145209.049:ERROR:process_memory_win.cc(73)] ReadMemory at 0x1c7e6474fc0 of 132 bytes failed: Only part of a ReadProcessMemory or WriteProcessMemory request was completed. (0x12B)
[0317/145209.049:ERROR:process_memory_win.cc(73)] ReadMemory at 0x1c7e64750f0 of 132 bytes failed: Only part of a ReadProcessMemory or WriteProcessMemory request was completed. (0x12B)
[0317/145209.049:ERROR:process_memory_win.cc(73)] ReadMemory at 0x1c7e6475220 of 132 bytes failed: Only part of a ReadProcessMemory or WriteProcessMemory request was completed. (0x12B)
[0317/145209.050:ERROR:process_memory_win.cc(73)] ReadMemory at 0x1c7e6475350 of 132 bytes failed: Only part of a ReadProcessMemory or WriteProcessMemory request was completed. (0x12B)
[0317/145209.050:ERROR:process_memory_win.cc(73)] ReadMemory at 0x1c7e6475480 of 132 bytes failed: Only part of a ReadProcessMemory or WriteProcessMemory request was completed. (0x12B)
[0317/145209.050:ERROR:process_memory_win.cc(73)] ReadMemory at 0x1c7e64755b0 of 132 bytes failed: Only part of a ReadProcessMemory or WriteProcessMemory request was completed. (0x12B)
[0317/145209.050:ERROR:process_memory_win.cc(73)] ReadMemory at 0x1c7e64756e0 of 132 bytes failed: Only part of a ReadProcessMemory or WriteProcessMemory request was completed. (0x12B)
[0317/145209.050:ERROR:process_memory_win.cc(73)] ReadMemory at 0x1c7e6475810 of 132 bytes failed: Only part of a ReadProcessMemory or WriteProcessMemory request was completed. (0x12B)
[0317/145209.050:ERROR:process_memory_win.cc(73)] ReadMemory at 0x1c7e6475940 of 132 bytes failed: Only part of a ReadProcessMemory or WriteProcessMemory request was completed. (0x12B)
[0317/145209.050:ERROR:process_memory_win.cc(73)] ReadMemory at 0x1c7e6475a70 of 132 bytes failed: Only part of a ReadProcessMemory or WriteProcessMemory request was completed. (0x12B)
[0317/145209.050:ERROR:process_memory_win.cc(73)] ReadMemory at 0x1c7e6475ba0 of 132 bytes failed: Only part of a ReadProcessMemory or WriteProcessMemory request was completed. (0x12B)
[0317/145209.051:ERROR:process_memory_win.cc(73)] ReadMemory at 0x1c7e6475cd0 of 132 bytes failed: Only part of a ReadProcessMemory or WriteProcessMemory request was completed. (0x12B)
[0317/145209.051:ERROR:process_memory_win.cc(73)] ReadMemory at 0x1c7e6475e00 of 132 bytes failed: Only part of a ReadProcessMemory or WriteProcessMemory request was completed. (0x12B)
[0317/145209.051:ERROR:process_memory_win.cc(73)] ReadMemory at 0x1c7e6475f30 of 132 bytes failed: Only part of a ReadProcessMemory or WriteProcessMemory request was completed. (0x12B)
[0317/145209.051:ERROR:process_memory_win.cc(73)] ReadMemory at 0x1c7e6476140 of 154 bytes failed: Only part of a ReadProcessMemory or WriteProcessMemory request was completed. (0x12B)
[0317/145209.051:ERROR:process_memory_win.cc(73)] ReadMemory at 0x1c7e6478b90 of 246 bytes failed: Only part of a ReadProcessMemory or WriteProcessMemory request was completed. (0x12B)
[0317/145209.051:ERROR:process_memory_win.cc(73)] ReadMemory at 0x1c7e6479bf0 of 66 bytes failed: Only part of a ReadProcessMemory or WriteProcessMemory request was completed. (0x12B)
[0317/145209.051:ERROR:process_memory_win.cc(73)] ReadMemory at 0x1c7e647a230 of 58 bytes failed: Only part of a ReadProcessMemory or WriteProcessMemory request was completed. (0x12B)
[0317/145209.051:ERROR:process_memory_win.cc(73)] ReadMemory at 0x1c7e647a460 of 66 bytes failed: Only part of a ReadProcessMemory or WriteProcessMemory request was completed. (0x12B)
[0317/145209.052:ERROR:process_memory_win.cc(73)] ReadMemory at 0x1c7e6485a00 of 54 bytes failed: Only part of a ReadProcessMemory or WriteProcessMemory request was completed. (0x12B)
[0317/145209.052:ERROR:process_memory_win.cc(73)] ReadMemory at 0x1c7e64895c0 of 62 bytes failed: Only part of a ReadProcessMemory or WriteProcessMemory request was completed. (0x12B)
[0317/145209.052:ERROR:process_memory_win.cc(73)] ReadMemory at 0x1c7e6489610 of 64 bytes failed: Only part of a ReadProcessMemory or WriteProcessMemory request was completed. (0x12B)
[0317/145209.052:ERROR:process_memory_win.cc(73)] ReadMemory at 0x1c7e64896b0 of 64 bytes failed: Only part of a ReadProcessMemory or WriteProcessMemory request was completed. (0x12B)
[0317/145209.052:ERROR:process_memory_win.cc(73)] ReadMemory at 0x1c7e64898e0 of 60 bytes failed: Only part of a ReadProcessMemory or WriteProcessMemory request was completed. (0x12B)
[0317/145209.052:ERROR:process_memory_win.cc(73)] ReadMemory at 0x1c7e6489930 of 58 bytes failed: Only part of a ReadProcessMemory or WriteProcessMemory request was completed. (0x12B)
[0317/145209.052:ERROR:process_memory_win.cc(73)] ReadMemory at 0x1c7e64899d0 of 64 bytes failed: Only part of a ReadProcessMemory or WriteProcessMemory request was completed. (0x12B)
[0317/145209.052:ERROR:process_memory_win.cc(73)] ReadMemory at 0x1c7e6489a70 of 60 bytes failed: Only part of a ReadProcessMemory or WriteProcessMemory request was completed. (0x12B)
[0317/145209.052:ERROR:process_memory_win.cc(73)] ReadMemory at 0x1c7e6489ac0 of 60 bytes failed: Only part of a ReadProcessMemory or WriteProcessMemory request was completed. (0x12B)
[0317/145209.053:ERROR:process_memory_win.cc(73)] ReadMemory at 0x1c7e6489b10 of 60 bytes failed: Only part of a ReadProcessMemory or WriteProcessMemory request was completed. (0x12B)
[0317/145209.053:ERROR:process_memory_win.cc(73)] ReadMemory at 0x1c7e6489bb0 of 62 bytes failed: Only part of a ReadProcessMemory or WriteProcessMemory request was completed. (0x12B)
[0317/145209.053:ERROR:process_memory_win.cc(73)] ReadMemory at 0x1c7e6489c50 of 62 bytes failed: Only part of a ReadProcessMemory or WriteProcessMemory request was completed. (0x12B)
[0317/145209.053:ERROR:process_memory_win.cc(73)] ReadMemory at 0x1c7e6489cf0 of 56 bytes failed: Only part of a ReadProcessMemory or WriteProcessMemory request was completed. (0x12B)
[0317/145209.053:ERROR:process_memory_win.cc(73)] ReadMemory at 0x1c7e6489e30 of 62 bytes failed: Only part of a ReadProcessMemory or WriteProcessMemory request was completed. (0x12B)
[0317/145209.053:ERROR:process_memory_win.cc(73)] ReadMemory at 0x1c7e6489ed0 of 60 bytes failed: Only part of a ReadProcessMemory or WriteProcessMemory request was completed. (0x12B)
[0317/145209.053:ERROR:process_memory_win.cc(73)] ReadMemory at 0x1c7e648a010 of 60 bytes failed: Only part of a ReadProcessMemory or WriteProcessMemory request was completed. (0x12B)
[0317/145209.053:ERROR:process_memory_win.cc(73)] ReadMemory at 0x1c7e648a060 of 62 bytes failed: Only part of a ReadProcessMemory or WriteProcessMemory request was completed. (0x12B)
[0317/145209.053:ERROR:process_memory_win.cc(73)] ReadMemory at 0x1c7e648a0b0 of 64 bytes failed: Only part of a ReadProcessMemory or WriteProcessMemory request was completed. (0x12B)
[0317/145209.054:ERROR:process_memory_win.cc(73)] ReadMemory at 0x1c7e648a100 of 58 bytes failed: Only part of a ReadProcessMemory or WriteProcessMemory request was completed. (0x12B)
[0317/145209.054:ERROR:process_memory_win.cc(73)] ReadMemory at 0x1c7e648a240 of 64 bytes failed: Only part of a ReadProcessMemory or WriteProcessMemory request was completed. (0x12B)
[0317/145209.054:ERROR:process_memory_win.cc(73)] ReadMemory at 0x1c7e648a2e0 of 62 bytes failed: Only part of a ReadProcessMemory or WriteProcessMemory request was completed. (0x12B)
[0317/145209.054:ERROR:process_memory_win.cc(73)] ReadMemory at 0x1c7e648a330 of 64 bytes failed: Only part of a ReadProcessMemory or WriteProcessMemory request was completed. (0x12B)
[0317/145209.054:ERROR:process_memory_win.cc(73)] ReadMemory at 0x1c7e648a420 of 64 bytes failed: Only part of a ReadProcessMemory or WriteProcessMemory request was completed. (0x12B)
[0317/145209.054:ERROR:process_memory_win.cc(73)] ReadMemory at 0x1c7e648c650 of 132 bytes failed: Only part of a ReadProcessMemory or WriteProcessMemory request was completed. (0x12B)
[0317/145209.054:ERROR:process_memory_win.cc(73)] ReadMemory at 0x1c7e648c780 of 132 bytes failed: Only part of a ReadProcessMemory or WriteProcessMemory request was completed. (0x12B)
[0317/145209.054:ERROR:process_memory_win.cc(73)] ReadMemory at 0x1c7e648cb10 of 132 bytes failed: Only part of a ReadProcessMemory or WriteProcessMemory request was completed. (0x12B)
[0317/145209.055:ERROR:process_memory_win.cc(73)] ReadMemory at 0x1c7e648cea0 of 132 bytes failed: Only part of a ReadProcessMemory or WriteProcessMemory request was completed. (0x12B)
[0317/145209.055:ERROR:process_memory_win.cc(73)] ReadMemory at 0x1c7e648d820 of 132 bytes failed: Only part of a ReadProcessMemory or WriteProcessMemory request was completed. (0x12B)
[0317/145209.055:ERROR:process_memory_win.cc(73)] ReadMemory at 0x1c7e649bf10 of 512 bytes failed: Only part of a ReadProcessMemory or WriteProcessMemory request was completed. (0x12B)
[0317/145209.055:ERROR:process_memory_win.cc(73)] ReadMemory at 0x1c7e64b1720 of 512 bytes failed: Only part of a ReadProcessMemory or WriteProcessMemory request was completed. (0x12B)
[0317/145209.055:ERROR:process_memory_win.cc(73)] ReadMemory at 0x1c7e6a92080 of 512 bytes failed: Only part of a ReadProcessMemory or WriteProcessMemory request was completed. (0x12B)
[0317/145209.055:ERROR:process_memory_win.cc(73)] ReadMemory at 0x1c7e6d793d8 of 512 bytes failed: Only part of a ReadProcessMemory or WriteProcessMemory request was completed. (0x12B)
[0317/145209.055:ERROR:process_memory_win.cc(73)] ReadMemory at 0x1c7e6d88ed0 of 512 bytes failed: Only part of a ReadProcessMemory or WriteProcessMemory request was completed. (0x12B)
[0317/145209.055:ERROR:process_memory_win.cc(73)] ReadMemory at 0x1c7e6d99b80 of 512 bytes failed: Only part of a ReadProcessMemory or WriteProcessMemory request was completed. (0x12B)
[0317/145209.056:ERROR:process_memory_win.cc(73)] ReadMemory at 0x1c7e6da1ad0 of 696 bytes failed: Only part of a ReadProcessMemory or WriteProcessMemory request was completed. (0x12B)
[0317/145209.056:ERROR:process_memory_win.cc(73)] ReadMemory at 0x1c7e6da2350 of 512 bytes failed: Only part of a ReadProcessMemory or WriteProcessMemory request was completed. (0x12B)
[0317/145209.056:ERROR:process_memory_win.cc(73)] ReadMemory at 0x1c7e7032f32 of 512 bytes failed: Only part of a ReadProcessMemory or WriteProcessMemory request was completed. (0x12B)
[0317/145209.056:ERROR:process_memory_win.cc(73)] ReadMemory at 0x1c7e8d08710 of 512 bytes failed: Only part of a ReadProcessMemory or WriteProcessMemory request was completed. (0x12B)
[0317/145209.056:ERROR:process_memory_win.cc(73)] ReadMemory at 0x1c7e8d14610 of 512 bytes failed: Only part of a ReadProcessMemory or WriteProcessMemory request was completed. (0x12B)
[0317/145209.056:ERROR:process_memory_win.cc(73)] ReadMemory at 0x1c7e8d19d70 of 544 bytes failed: Only part of a ReadProcessMemory or WriteProcessMemory request was completed. (0x12B)
[0317/145209.056:ERROR:process_memory_win.cc(73)] ReadMemory at 0x1c7e8d34870 of 512 bytes failed: Only part of a ReadProcessMemory or WriteProcessMemory request was completed. (0x12B)
[0317/145209.056:ERROR:process_memory_win.cc(73)] ReadMemory at 0x1c7e8e1cd00 of 512 bytes failed: Only part of a ReadProcessMemory or WriteProcessMemory request was completed. (0x12B)
[0317/145209.057:ERROR:process_memory_win.cc(73)] ReadMemory at 0x1c7e8f07fb8 of 512 bytes failed: Only part of a ReadProcessMemory or WriteProcessMemory request was completed. (0x12B)
[0317/145209.057:ERROR:process_memory_win.cc(73)] ReadMemory at 0x1c7e9e79c50 of 512 bytes failed: Only part of a ReadProcessMemory or WriteProcessMemory request was completed. (0x12B)
[0317/145209.057:ERROR:process_memory_win.cc(73)] ReadMemory at 0x1c7e9f11990 of 512 bytes failed: Only part of a ReadProcessMemory or WriteProcessMemory request was completed. (0x12B)
[0317/145209.057:ERROR:process_memory_win.cc(73)] ReadMemory at 0x1c7ea5e2720 of 512 bytes failed: Only part of a ReadProcessMemory or WriteProcessMemory request was completed. (0x12B)
[0317/145209.057:ERROR:process_memory_win.cc(73)] ReadMemory at 0x1c7ea66ffcf of 512 bytes failed: Only part of a ReadProcessMemory or WriteProcessMemory request was completed. (0x12B)
[0317/145209.057:ERROR:process_memory_win.cc(73)] ReadMemory at 0x1c7ea84f6e0 of 512 bytes failed: Only part of a ReadProcessMemory or WriteProcessMemory request was completed. (0x12B)
[0317/145209.057:ERROR:process_memory_win.cc(73)] ReadMemory at 0x1c7ea8bf720 of 512 bytes failed: Only part of a ReadProcessMemory or WriteProcessMemory request was completed. (0x12B)
[0317/145209.057:ERROR:process_memory_win.cc(73)] ReadMemory at 0x1c7ea8df110 of 512 bytes failed: Only part of a ReadProcessMemory or WriteProcessMemory request was completed. (0x12B)
[0317/145209.058:ERROR:process_memory_win.cc(73)] ReadMemory at 0x1c7ea8e0030 of 512 bytes failed: Only part of a ReadProcessMemory or WriteProcessMemory request was completed. (0x12B)
[0317/145209.058:ERROR:process_memory_win.cc(73)] ReadMemory at 0x1c7ea98cfc0 of 512 bytes failed: Only part of a ReadProcessMemory or WriteProcessMemory request was completed. (0x12B)
[0317/145209.058:ERROR:process_memory_win.cc(73)] ReadMemory at 0x1c7eaa0ed00 of 512 bytes failed: Only part of a ReadProcessMemory or WriteProcessMemory request was completed. (0x12B)
[0317/145209.058:ERROR:process_memory_win.cc(73)] ReadMemory at 0x1c7eaa0f1a8 of 512 bytes failed: Only part of a ReadProcessMemory or WriteProcessMemory request was completed. (0x12B)
[0317/145209.058:ERROR:process_memory_win.cc(73)] ReadMemory at 0x1c7ead95f80 of 512 bytes failed: Only part of a ReadProcessMemory or WriteProcessMemory request was completed. (0x12B)
[0317/145209.058:ERROR:process_memory_win.cc(73)] ReadMemory at 0x1c7eb238f88 of 512 bytes failed: Only part of a ReadProcessMemory or WriteProcessMemory request was completed. (0x12B)
[0317/145209.059:ERROR:process_memory_win.cc(73)] ReadMemory at 0x1c7eb4d91e0 of 512 bytes failed: Only part of a ReadProcessMemory or WriteProcessMemory request was completed. (0x12B)
[0317/145209.059:ERROR:process_memory_win.cc(73)] ReadMemory at 0x2b7d4644a4e8 of 512 bytes failed: Only part of a ReadProcessMemory or WriteProcessMemory request was completed. (0x12B)
[0317/145209.059:ERROR:process_memory_win.cc(73)] ReadMemory at 0x2e33571e1d80 of 512 bytes failed: Only part of a ReadProcessMemory or WriteProcessMemory request was completed. (0x12B)
[0317/145209.059:ERROR:process_memory_win.cc(73)] ReadMemory at 0x607ce084e000 of 512 bytes failed: Only part of a ReadProcessMemory or WriteProcessMemory request was completed. (0x12B)
[0317/145209.059:ERROR:process_memory_win.cc(73)] ReadMemory at 0x6f2fd0b89c60 of 512 bytes failed: Only part of a ReadProcessMemory or WriteProcessMemory request was completed. (0x12B)
[0317/145209.060:ERROR:process_memory_win.cc(73)] ReadMemory at 0x7ffb43f80093 of 512 bytes failed: Only part of a ReadProcessMemory or WriteProcessMemory request was completed. (0x12B)
[0317/145209.061:ERROR:process_memory_win.cc(73)] ReadMemory at 0x7ffb4450a5a8 of 512 bytes failed: Only part of a ReadProcessMemory or WriteProcessMemory request was completed. (0x12B)
[0317/145209.061:ERROR:process_memory_win.cc(73)] ReadMemory at 0x7ffb461334eb of 512 bytes failed: Only part of a ReadProcessMemory or WriteProcessMemory request was completed. (0x12B)
[0317/145209.061:ERROR:process_memory_win.cc(73)] ReadMemory at 0x7ffba45e90c9 of 512 bytes failed: Only part of a ReadProcessMemory or WriteProcessMemory request was completed. (0x12B)
[0317/145209.061:ERROR:process_memory_win.cc(73)] ReadMemory at 0x7ffba4e71f80 of 512 bytes failed: Only part of a ReadProcessMemory or WriteProcessMemory request was completed. (0x12B)
[0317/145209.061:ERROR:process_memory_win.cc(73)] ReadMemory at 0x7ffba776feb0 of 592 bytes failed: Only part of a ReadProcessMemory or WriteProcessMemory request was completed. (0x12B)
[0317/145209.062:ERROR:process_memory_win.cc(73)] ReadMemory at 0x7ffba77bf674 of 672 bytes failed: Only part of a ReadProcessMemory or WriteProcessMemory request was completed. (0x12B)
[0317/145209.062:ERROR:process_memory_win.cc(73)] ReadMemory at 0x7ffba77bfc74 of 512 bytes failed: Only part of a ReadProcessMemory or WriteProcessMemory request was completed. (0x12B)
[0317/145209.062:ERROR:process_memory_win.cc(73)] ReadMemory at 0x7ffba77c2f04 of 608 bytes failed: Only part of a ReadProcessMemory or WriteProcessMemory request was completed. (0x12B)
[0317/145209.062:ERROR:process_memory_win.cc(73)] ReadMemory at 0x7ffba784c0c8 of 18 bytes failed: Only part of a ReadProcessMemory or WriteProcessMemory request was completed. (0x12B)
[0317/145209.063:ERROR:process_memory_win.cc(73)] ReadMemory at 0x7ffba787f4f8 of 40 bytes failed: Only part of a ReadProcessMemory or WriteProcessMemory request was completed. (0x12B)
[0317/145209.063:ERROR:process_memory_win.cc(73)] ReadMemory at 0x7ffba787f978 of 48 bytes failed: Only part of a ReadProcessMemory or WriteProcessMemory request was completed. (0x12B)
[0317/145209.063:ERROR:process_memory_win.cc(73)] ReadMemory at 0x7ffba78853a0 of 64 bytes failed: Only part of a ReadProcessMemory or WriteProcessMemory request was completed. (0x12B)
[0317/145209.068:ERROR:scoped_process_suspend.cc(40)] NtResumeProcess: An attempt was made to access an exiting process. (0xc000010a)
